<?xml version="1.0" encoding="utf-8"?><testsuites><testsuite errors="0" failures="0" hostname="DESKTOP-69O4ELA" name="pytest" skipped="0" tests="3" time="68.254" timestamp="2020-07-08T23:01:33.983218"><testcase classname="test_e2e.TestOne" file="test_e2e.py" line="16" name="test_e2e" time="45.004"></testcase><testcase classname="test_homepage.TestHomePage" file="test_homepage.py" line="13" name="testformsubmission[getData0]" time="17.270"></testcase><testcase classname="test_homepage.TestHomePage" file="test_homepage.py" line="13" name="testformsubmission[getData1]" time="5.693"></testcase></testsuite></testsuites>